2018-02-01 17:39:32,039 [Worker-2] INFO  c.g.t.t.d.PublishedGradleVersions - Gradle version information cache is up-to-date. Trying to read.
2018-02-01 17:45:22,354 [Worker-20] INFO  o.e.m.c.i.l.LifecycleMappingFactory - Using NULL lifecycle mapping for MavenProject: com.piggymetrics:piggymetrics:1.0-SNAPSHOT @ C:\nikosoft.com\mypiggy\PiggyMetrics-master\pom.xml.
2018-02-01 17:45:23,567 [Worker-20] INFO  o.e.m.c.i.l.LifecycleMappingFactory - Using org.eclipse.m2e.jdt.JarLifecycleMapping lifecycle mapping for MavenProject: com.piggymetrics:config:1.0.0-SNAPSHOT @ C:\nikosoft.com\mypiggy\PiggyMetrics-master\config\pom.xml.
2018-02-01 17:45:24,444 [Worker-20] INFO  o.e.m.c.i.l.LifecycleMappingFactory - Using org.eclipse.m2e.jdt.JarLifecycleMapping lifecycle mapping for MavenProject: com.piggymetrics:monitoring:0.0.1-SNAPSHOT @ C:\nikosoft.com\mypiggy\PiggyMetrics-master\monitoring\pom.xml.
2018-02-01 17:45:26,900 [Worker-20] INFO  o.e.m.c.i.l.LifecycleMappingFactory - Using org.eclipse.m2e.jdt.JarLifecycleMapping lifecycle mapping for MavenProject: com.piggymetrics:registry:0.0.1-SNAPSHOT @ C:\nikosoft.com\mypiggy\PiggyMetrics-master\registry\pom.xml.
2018-02-01 17:45:27,671 [Worker-20] INFO  o.e.m.c.i.l.LifecycleMappingFactory - Using org.eclipse.m2e.jdt.JarLifecycleMapping lifecycle mapping for MavenProject: com.piggymetrics:gateway:1.0-SNAPSHOT @ C:\nikosoft.com\mypiggy\PiggyMetrics-master\gateway\pom.xml.
2018-02-01 17:45:28,527 [Worker-20] INFO  o.e.m.c.i.l.LifecycleMappingFactory - Using org.eclipse.m2e.jdt.JarLifecycleMapping lifecycle mapping for MavenProject: com.piggymetrics:auth-service:1.0-SNAPSHOT @ C:\nikosoft.com\mypiggy\PiggyMetrics-master\auth-service\pom.xml.
2018-02-01 17:45:29,070 [Worker-20] INFO  o.e.m.c.i.l.LifecycleMappingFactory - Using org.eclipse.m2e.jdt.JarLifecycleMapping lifecycle mapping for MavenProject: com.piggymetrics:account-service:1.0-SNAPSHOT @ C:\nikosoft.com\mypiggy\PiggyMetrics-master\account-service\pom.xml.
2018-02-01 17:45:29,889 [Worker-20] INFO  o.e.m.c.i.l.LifecycleMappingFactory - Using org.eclipse.m2e.jdt.JarLifecycleMapping lifecycle mapping for MavenProject: com.piggymetrics:statistics-service:1.0-SNAPSHOT @ C:\nikosoft.com\mypiggy\PiggyMetrics-master\statistics-service\pom.xml.
2018-02-01 17:45:30,372 [Worker-20] INFO  o.e.m.c.i.l.LifecycleMappingFactory - Using org.eclipse.m2e.jdt.JarLifecycleMapping lifecycle mapping for MavenProject: com.piggymetrics:notification-service:1.0.0-SNAPSHOT @ C:\nikosoft.com\mypiggy\PiggyMetrics-master\notification-service\pom.xml.
2018-02-01 17:45:33,665 [Worker-20] INFO  o.e.m.j.i.AbstractJavaProjectConfigurator - Adding source folder /config/src/main/java
2018-02-01 17:45:33,666 [Worker-20] INFO  o.e.m.j.i.AbstractJavaProjectConfigurator - Adding resource folder /config/src/main/resources
2018-02-01 17:45:33,666 [Worker-20] INFO  o.e.m.j.i.AbstractJavaProjectConfigurator - Adding resource folder /config/src/main/resources
2018-02-01 17:45:33,667 [Worker-20] INFO  o.e.m.j.i.AbstractJavaProjectConfigurator - Adding source folder /config/src/test/java
2018-02-01 17:45:33,912 [Worker-20] INFO  o.e.m.j.i.AbstractJavaProjectConfigurator - Adding source folder /account-service/src/main/java
2018-02-01 17:45:33,913 [Worker-20] INFO  o.e.m.j.i.AbstractJavaProjectConfigurator - Adding resource folder /account-service/src/main/resources
2018-02-01 17:45:33,913 [Worker-20] INFO  o.e.m.j.i.AbstractJavaProjectConfigurator - Adding resource folder /account-service/src/main/resources
2018-02-01 17:45:33,914 [Worker-20] INFO  o.e.m.j.i.AbstractJavaProjectConfigurator - Adding source folder /account-service/src/test/java
2018-02-01 17:45:33,914 [Worker-20] INFO  o.e.m.j.i.AbstractJavaProjectConfigurator - Adding resource folder /account-service/src/test/resources
2018-02-01 17:45:34,336 [Worker-20] INFO  o.e.m.j.i.AbstractJavaProjectConfigurator - Adding source folder /monitoring/src/main/java
2018-02-01 17:45:34,337 [Worker-20] INFO  o.e.m.j.i.AbstractJavaProjectConfigurator - Adding resource folder /monitoring/src/main/resources
2018-02-01 17:45:34,337 [Worker-20] INFO  o.e.m.j.i.AbstractJavaProjectConfigurator - Adding resource folder /monitoring/src/main/resources
2018-02-01 17:45:34,338 [Worker-20] INFO  o.e.m.j.i.AbstractJavaProjectConfigurator - Adding source folder /monitoring/src/test/java
2018-02-01 17:45:34,338 [Worker-20] INFO  o.e.m.j.i.AbstractJavaProjectConfigurator - Adding resource folder /monitoring/src/test/resources
2018-02-01 17:45:35,338 [Worker-20] INFO  o.e.m.j.i.AbstractJavaProjectConfigurator - Adding source folder /gateway/src/main/java
2018-02-01 17:45:35,338 [Worker-20] INFO  o.e.m.j.i.AbstractJavaProjectConfigurator - Adding resource folder /gateway/src/main/resources
2018-02-01 17:45:35,340 [Worker-20] INFO  o.e.m.j.i.AbstractJavaProjectConfigurator - Adding resource folder /gateway/src/main/resources
2018-02-01 17:45:35,341 [Worker-20] INFO  o.e.m.j.i.AbstractJavaProjectConfigurator - Adding source folder /gateway/src/test/java
2018-02-01 17:45:35,341 [Worker-20] INFO  o.e.m.j.i.AbstractJavaProjectConfigurator - Adding resource folder /gateway/src/test/resources
2018-02-01 17:45:35,537 [Worker-20] INFO  o.e.m.j.i.AbstractJavaProjectConfigurator - Adding source folder /notification-service/src/main/java
2018-02-01 17:45:35,538 [Worker-20] INFO  o.e.m.j.i.AbstractJavaProjectConfigurator - Adding resource folder /notification-service/src/main/resources
2018-02-01 17:45:35,538 [Worker-20] INFO  o.e.m.j.i.AbstractJavaProjectConfigurator - Adding resource folder /notification-service/src/main/resources
2018-02-01 17:45:35,539 [Worker-20] INFO  o.e.m.j.i.AbstractJavaProjectConfigurator - Adding source folder /notification-service/src/test/java
2018-02-01 17:45:35,539 [Worker-20] INFO  o.e.m.j.i.AbstractJavaProjectConfigurator - Adding resource folder /notification-service/src/test/resources
2018-02-01 17:45:35,810 [Worker-20] INFO  o.e.m.j.i.AbstractJavaProjectConfigurator - Adding source folder /auth-service/src/main/java
2018-02-01 17:45:35,811 [Worker-20] INFO  o.e.m.j.i.AbstractJavaProjectConfigurator - Adding resource folder /auth-service/src/main/resources
2018-02-01 17:45:35,811 [Worker-20] INFO  o.e.m.j.i.AbstractJavaProjectConfigurator - Adding resource folder /auth-service/src/main/resources
2018-02-01 17:45:35,812 [Worker-20] INFO  o.e.m.j.i.AbstractJavaProjectConfigurator - Adding source folder /auth-service/src/test/java
2018-02-01 17:45:35,813 [Worker-20] INFO  o.e.m.j.i.AbstractJavaProjectConfigurator - Adding resource folder /auth-service/src/test/resources
2018-02-01 17:45:36,019 [Worker-20] INFO  o.e.m.j.i.AbstractJavaProjectConfigurator - Adding source folder /statistics-service/src/main/java
2018-02-01 17:45:36,020 [Worker-20] INFO  o.e.m.j.i.AbstractJavaProjectConfigurator - Adding resource folder /statistics-service/src/main/resources
2018-02-01 17:45:36,020 [Worker-20] INFO  o.e.m.j.i.AbstractJavaProjectConfigurator - Adding resource folder /statistics-service/src/main/resources
2018-02-01 17:45:36,021 [Worker-20] INFO  o.e.m.j.i.AbstractJavaProjectConfigurator - Adding source folder /statistics-service/src/test/java
2018-02-01 17:45:36,021 [Worker-20] INFO  o.e.m.j.i.AbstractJavaProjectConfigurator - Adding resource folder /statistics-service/src/test/resources
2018-02-01 17:45:36,256 [Worker-20] INFO  o.e.m.j.i.AbstractJavaProjectConfigurator - Adding source folder /registry/src/main/java
2018-02-01 17:45:36,256 [Worker-20] INFO  o.e.m.j.i.AbstractJavaProjectConfigurator - Adding resource folder /registry/src/main/resources
2018-02-01 17:45:36,256 [Worker-20] INFO  o.e.m.j.i.AbstractJavaProjectConfigurator - Adding resource folder /registry/src/main/resources
2018-02-01 17:45:36,257 [Worker-20] INFO  o.e.m.j.i.AbstractJavaProjectConfigurator - Adding source folder /registry/src/test/java
2018-02-01 17:45:36,424 [Worker-20] INFO  o.e.m.c.i.p.ProjectConfigurationManager - Imported and configured 9 project(s) in 17 sec
2018-02-01 17:45:46,688 [Worker-12] INFO  o.e.m.c.i.embedder.EclipseLogger - Using 'UTF-8' encoding to copy filtered resources.
2018-02-01 17:45:46,692 [Worker-12] INFO  o.e.m.c.i.embedder.EclipseLogger - Copying 0 resource
2018-02-01 17:45:46,693 [Worker-12] INFO  o.e.m.c.i.embedder.EclipseLogger - Copying 1 resource
2018-02-01 17:45:46,703 [Worker-12] INFO  o.e.m.c.i.embedder.EclipseLogger - Using 'UTF-8' encoding to copy filtered resources.
2018-02-01 17:45:46,703 [Worker-12] INFO  o.e.m.c.i.embedder.EclipseLogger - Copying 2 resources
2018-02-01 17:45:48,138 [Worker-12] INFO  o.e.m.c.i.embedder.EclipseLogger - Using 'UTF-8' encoding to copy filtered resources.
2018-02-01 17:45:48,139 [Worker-12] INFO  o.e.m.c.i.embedder.EclipseLogger - Copying 0 resource
2018-02-01 17:45:48,139 [Worker-12] INFO  o.e.m.c.i.embedder.EclipseLogger - Copying 1 resource
2018-02-01 17:45:48,143 [Worker-12] INFO  o.e.m.c.i.embedder.EclipseLogger - Using 'UTF-8' encoding to copy filtered resources.
2018-02-01 17:45:48,143 [Worker-12] INFO  o.e.m.c.i.embedder.EclipseLogger - Copying 2 resources
2018-02-01 17:45:51,085 [Worker-23] INFO  o.e.m.c.i.embedder.EclipseLogger - Using 'UTF-8' encoding to copy filtered resources.
2018-02-01 17:45:51,086 [Worker-23] INFO  o.e.m.c.i.embedder.EclipseLogger - Copying 2 resources
2018-02-01 17:45:51,096 [Worker-23] INFO  o.e.m.c.i.embedder.EclipseLogger - Copying 7 resources
2018-02-01 17:45:51,111 [Worker-23] INFO  o.e.m.c.i.embedder.EclipseLogger - Using 'UTF-8' encoding to copy filtered resources.
2018-02-01 17:45:51,111 [Worker-23] INFO  o.e.m.c.i.embedder.EclipseLogger - skip non existing resourceDirectory C:\nikosoft.com\mypiggy\PiggyMetrics-master\config\src\test\resources
2018-02-01 17:45:52,345 [Worker-23] INFO  o.e.m.c.i.embedder.EclipseLogger - Using 'UTF-8' encoding to copy filtered resources.
2018-02-01 17:45:52,345 [Worker-23] INFO  o.e.m.c.i.embedder.EclipseLogger - Copying 0 resource
2018-02-01 17:45:52,346 [Worker-23] INFO  o.e.m.c.i.embedder.EclipseLogger - Copying 49 resources
2018-02-01 17:45:52,451 [Worker-23] INFO  o.e.m.c.i.embedder.EclipseLogger - Using 'UTF-8' encoding to copy filtered resources.
2018-02-01 17:45:52,451 [Worker-23] INFO  o.e.m.c.i.embedder.EclipseLogger - Copying 1 resource
2018-02-01 17:45:54,290 [Worker-23] INFO  o.e.m.c.i.embedder.EclipseLogger - Using 'UTF-8' encoding to copy filtered resources.
2018-02-01 17:45:54,290 [Worker-23] INFO  o.e.m.c.i.embedder.EclipseLogger - Copying 0 resource
2018-02-01 17:45:54,290 [Worker-23] INFO  o.e.m.c.i.embedder.EclipseLogger - Copying 1 resource
2018-02-01 17:45:54,296 [Worker-23] INFO  o.e.m.c.i.embedder.EclipseLogger - Using 'UTF-8' encoding to copy filtered resources.
2018-02-01 17:45:54,296 [Worker-23] INFO  o.e.m.c.i.embedder.EclipseLogger - Copying 2 resources
2018-02-01 17:45:58,544 [Worker-22] INFO  o.e.m.c.i.embedder.EclipseLogger - Using 'UTF-8' encoding to copy filtered resources.
2018-02-01 17:45:58,544 [Worker-22] INFO  o.e.m.c.i.embedder.EclipseLogger - Copying 0 resource
2018-02-01 17:45:58,544 [Worker-22] INFO  o.e.m.c.i.embedder.EclipseLogger - Copying 1 resource
2018-02-01 17:45:58,548 [Worker-22] INFO  o.e.m.c.i.embedder.EclipseLogger - Using 'UTF-8' encoding to copy filtered resources.
2018-02-01 17:45:58,548 [Worker-22] INFO  o.e.m.c.i.embedder.EclipseLogger - skip non existing resourceDirectory C:\nikosoft.com\mypiggy\PiggyMetrics-master\registry\src\test\resources
2018-02-01 17:46:41,635 [Worker-8] INFO  o.e.m.c.i.embedder.EclipseLogger - Using 'UTF-8' encoding to copy filtered resources.
2018-02-01 17:46:41,639 [Worker-8] INFO  o.e.m.c.i.embedder.EclipseLogger - Copying 2 resources
2018-02-01 17:46:41,643 [Worker-8] INFO  o.e.m.c.i.embedder.EclipseLogger - Copying 7 resources
2018-02-01 17:46:41,657 [Worker-8] INFO  o.e.m.c.i.embedder.EclipseLogger - Using 'UTF-8' encoding to copy filtered resources.
2018-02-01 17:46:41,657 [Worker-8] INFO  o.e.m.c.i.embedder.EclipseLogger - skip non existing resourceDirectory C:\nikosoft.com\mypiggy\PiggyMetrics-master\config\src\test\resources
2018-02-01 17:46:42,770 [Worker-8] INFO  o.e.m.c.i.embedder.EclipseLogger - Using 'UTF-8' encoding to copy filtered resources.
2018-02-01 17:46:42,776 [Worker-8] INFO  o.e.m.c.i.embedder.EclipseLogger - Copying 0 resource
2018-02-01 17:46:42,783 [Worker-8] INFO  o.e.m.c.i.embedder.EclipseLogger - Copying 49 resources
2018-02-01 17:46:42,883 [Worker-8] INFO  o.e.m.c.i.embedder.EclipseLogger - Using 'UTF-8' encoding to copy filtered resources.
2018-02-01 17:46:42,883 [Worker-8] INFO  o.e.m.c.i.embedder.EclipseLogger - Copying 1 resource
2018-02-01 17:46:43,133 [Worker-8] INFO  o.e.m.c.i.embedder.EclipseLogger - Using 'UTF-8' encoding to copy filtered resources.
2018-02-01 17:46:43,134 [Worker-8] INFO  o.e.m.c.i.embedder.EclipseLogger - Copying 0 resource
2018-02-01 17:46:43,135 [Worker-8] INFO  o.e.m.c.i.embedder.EclipseLogger - Copying 1 resource
2018-02-01 17:46:43,138 [Worker-8] INFO  o.e.m.c.i.embedder.EclipseLogger - Using 'UTF-8' encoding to copy filtered resources.
2018-02-01 17:46:43,139 [Worker-8] INFO  o.e.m.c.i.embedder.EclipseLogger - Copying 2 resources
2018-02-01 17:46:43,237 [Worker-8] INFO  o.e.m.c.i.embedder.EclipseLogger - Using 'UTF-8' encoding to copy filtered resources.
2018-02-01 17:46:43,238 [Worker-8] INFO  o.e.m.c.i.embedder.EclipseLogger - Copying 0 resource
2018-02-01 17:46:43,239 [Worker-8] INFO  o.e.m.c.i.embedder.EclipseLogger - Copying 1 resource
2018-02-01 17:46:43,243 [Worker-8] INFO  o.e.m.c.i.embedder.EclipseLogger - Using 'UTF-8' encoding to copy filtered resources.
2018-02-01 17:46:43,243 [Worker-8] INFO  o.e.m.c.i.embedder.EclipseLogger - skip non existing resourceDirectory C:\nikosoft.com\mypiggy\PiggyMetrics-master\registry\src\test\resources
2018-02-01 17:46:45,565 [Worker-23] INFO  o.e.m.c.i.embedder.EclipseLogger - Using 'UTF-8' encoding to copy filtered resources.
2018-02-01 17:46:45,566 [Worker-23] INFO  o.e.m.c.i.embedder.EclipseLogger - Copying 0 resource
2018-02-01 17:46:45,567 [Worker-23] INFO  o.e.m.c.i.embedder.EclipseLogger - Copying 1 resource
2018-02-01 17:46:45,570 [Worker-23] INFO  o.e.m.c.i.embedder.EclipseLogger - Using 'UTF-8' encoding to copy filtered resources.
2018-02-01 17:46:45,570 [Worker-23] INFO  o.e.m.c.i.embedder.EclipseLogger - skip non existing resourceDirectory C:\nikosoft.com\mypiggy\PiggyMetrics-master\registry\src\test\resources
2018-02-01 17:46:54,661 [Worker-24] INFO  o.e.m.c.i.embedder.EclipseLogger - Using 'UTF-8' encoding to copy filtered resources.
2018-02-01 17:46:54,661 [Worker-24] INFO  o.e.m.c.i.embedder.EclipseLogger - Copying 0 resource
2018-02-01 17:46:54,662 [Worker-24] INFO  o.e.m.c.i.embedder.EclipseLogger - Copying 1 resource
2018-02-01 17:46:54,665 [Worker-24] INFO  o.e.m.c.i.embedder.EclipseLogger - Using 'UTF-8' encoding to copy filtered resources.
2018-02-01 17:46:54,666 [Worker-24] INFO  o.e.m.c.i.embedder.EclipseLogger - Copying 2 resources
2018-02-01 17:47:03,782 [Worker-28] INFO  o.e.m.c.i.embedder.EclipseLogger - Using 'UTF-8' encoding to copy filtered resources.
2018-02-01 17:47:03,788 [Worker-28] INFO  o.e.m.c.i.embedder.EclipseLogger - Copying 0 resource
2018-02-01 17:47:03,795 [Worker-28] INFO  o.e.m.c.i.embedder.EclipseLogger - Copying 49 resources
2018-02-01 17:47:03,893 [Worker-28] INFO  o.e.m.c.i.embedder.EclipseLogger - Using 'UTF-8' encoding to copy filtered resources.
2018-02-01 17:47:03,894 [Worker-28] INFO  o.e.m.c.i.embedder.EclipseLogger - Copying 1 resource
2018-02-01 17:47:13,449 [Worker-24] INFO  o.e.m.c.i.embedder.EclipseLogger - Using 'UTF-8' encoding to copy filtered resources.
2018-02-01 17:47:13,450 [Worker-24] INFO  o.e.m.c.i.embedder.EclipseLogger - Copying 2 resources
2018-02-01 17:47:13,454 [Worker-24] INFO  o.e.m.c.i.embedder.EclipseLogger - Copying 7 resources
2018-02-01 17:47:13,467 [Worker-24] INFO  o.e.m.c.i.embedder.EclipseLogger - Using 'UTF-8' encoding to copy filtered resources.
2018-02-01 17:47:13,467 [Worker-24] INFO  o.e.m.c.i.embedder.EclipseLogger - skip non existing resourceDirectory C:\nikosoft.com\mypiggy\PiggyMetrics-master\config\src\test\resources
2018-02-01 17:55:48,686 [Worker-31] INFO  o.e.m.c.i.l.LifecycleMappingFactory - Using NULL lifecycle mapping for MavenProject: com.piggymetrics:piggymetrics:1.0-SNAPSHOT @ C:\nikosoft.com\mypiggy\PiggyMetrics-master\pom.xml.
2018-02-01 17:56:21,849 [Worker-30] INFO  o.e.m.c.i.embedder.EclipseLogger - Using 'UTF-8' encoding to copy filtered resources.
2018-02-01 17:56:21,850 [Worker-30] INFO  o.e.m.c.i.embedder.EclipseLogger - Copying 0 resource
2018-02-01 17:56:21,851 [Worker-30] INFO  o.e.m.c.i.embedder.EclipseLogger - Copying 1 resource
2018-02-01 17:56:21,854 [Worker-30] INFO  o.e.m.c.i.embedder.EclipseLogger - Using 'UTF-8' encoding to copy filtered resources.
2018-02-01 17:56:21,854 [Worker-30] INFO  o.e.m.c.i.embedder.EclipseLogger - skip non existing resourceDirectory C:\nikosoft.com\mypiggy\PiggyMetrics-master\registry\src\test\resources
2018-02-01 17:59:16,198 [Worker-37] INFO  o.e.m.c.i.embedder.EclipseLogger - Using 'UTF-8' encoding to copy filtered resources.
2018-02-01 17:59:16,199 [Worker-37] INFO  o.e.m.c.i.embedder.EclipseLogger - Copying 0 resource
2018-02-01 17:59:16,199 [Worker-37] INFO  o.e.m.c.i.embedder.EclipseLogger - Copying 0 resource
2018-02-01 17:59:16,202 [Worker-37] INFO  o.e.m.c.i.embedder.EclipseLogger - Using 'UTF-8' encoding to copy filtered resources.
2018-02-01 17:59:16,202 [Worker-37] INFO  o.e.m.c.i.embedder.EclipseLogger - skip non existing resourceDirectory C:\nikosoft.com\mypiggy\PiggyMetrics-master\config\src\test\resources
2018-02-01 17:59:20,715 [Worker-38] INFO  o.e.m.c.i.embedder.EclipseLogger - Using 'UTF-8' encoding to copy filtered resources.
2018-02-01 17:59:20,716 [Worker-38] INFO  o.e.m.c.i.embedder.EclipseLogger - Copying 0 resource
2018-02-01 17:59:20,716 [Worker-38] INFO  o.e.m.c.i.embedder.EclipseLogger - Copying 0 resource
2018-02-01 17:59:20,718 [Worker-38] INFO  o.e.m.c.i.embedder.EclipseLogger - Using 'UTF-8' encoding to copy filtered resources.
2018-02-01 17:59:20,718 [Worker-38] INFO  o.e.m.c.i.embedder.EclipseLogger - skip non existing resourceDirectory C:\nikosoft.com\mypiggy\PiggyMetrics-master\config\src\test\resources
2018-02-01 17:59:22,764 [Worker-35] INFO  o.e.m.c.i.embedder.EclipseLogger - Using 'UTF-8' encoding to copy filtered resources.
2018-02-01 17:59:22,765 [Worker-35] INFO  o.e.m.c.i.embedder.EclipseLogger - Copying 0 resource
2018-02-01 17:59:22,766 [Worker-35] INFO  o.e.m.c.i.embedder.EclipseLogger - Copying 0 resource
2018-02-01 17:59:22,767 [Worker-35] INFO  o.e.m.c.i.embedder.EclipseLogger - Using 'UTF-8' encoding to copy filtered resources.
2018-02-01 17:59:22,767 [Worker-35] INFO  o.e.m.c.i.embedder.EclipseLogger - skip non existing resourceDirectory C:\nikosoft.com\mypiggy\PiggyMetrics-master\config\src\test\resources
2018-02-01 17:59:25,601 [Worker-29] INFO  o.e.m.c.i.embedder.EclipseLogger - Using 'UTF-8' encoding to copy filtered resources.
2018-02-01 17:59:25,602 [Worker-29] INFO  o.e.m.c.i.embedder.EclipseLogger - Copying 0 resource
2018-02-01 17:59:25,603 [Worker-29] INFO  o.e.m.c.i.embedder.EclipseLogger - Copying 0 resource
2018-02-01 17:59:25,606 [Worker-29] INFO  o.e.m.c.i.embedder.EclipseLogger - Using 'UTF-8' encoding to copy filtered resources.
2018-02-01 17:59:25,607 [Worker-29] INFO  o.e.m.c.i.embedder.EclipseLogger - skip non existing resourceDirectory C:\nikosoft.com\mypiggy\PiggyMetrics-master\config\src\test\resources
2018-02-01 17:59:36,725 [Worker-36] INFO  o.e.m.c.i.embedder.EclipseLogger - Using 'UTF-8' encoding to copy filtered resources.
2018-02-01 17:59:36,726 [Worker-36] INFO  o.e.m.c.i.embedder.EclipseLogger - Copying 1 resource
2018-02-01 17:59:36,728 [Worker-36] INFO  o.e.m.c.i.embedder.EclipseLogger - Copying 0 resource
2018-02-01 17:59:36,730 [Worker-36] INFO  o.e.m.c.i.embedder.EclipseLogger - Using 'UTF-8' encoding to copy filtered resources.
2018-02-01 17:59:36,730 [Worker-36] INFO  o.e.m.c.i.embedder.EclipseLogger - skip non existing resourceDirectory C:\nikosoft.com\mypiggy\PiggyMetrics-master\config\src\test\resources
2018-02-01 17:59:58,773 [Worker-39] INFO  o.e.m.c.i.embedder.EclipseLogger - Using 'UTF-8' encoding to copy filtered resources.
2018-02-01 17:59:58,774 [Worker-39] INFO  o.e.m.c.i.embedder.EclipseLogger - Copying 0 resource
2018-02-01 17:59:58,774 [Worker-39] INFO  o.e.m.c.i.embedder.EclipseLogger - Copying 1 resource
2018-02-01 17:59:58,779 [Worker-39] INFO  o.e.m.c.i.embedder.EclipseLogger - Using 'UTF-8' encoding to copy filtered resources.
2018-02-01 17:59:58,779 [Worker-39] INFO  o.e.m.c.i.embedder.EclipseLogger - skip non existing resourceDirectory C:\nikosoft.com\mypiggy\PiggyMetrics-master\config\src\test\resources
2018-02-01 18:00:47,629 [Worker-39] INFO  o.e.m.c.i.embedder.EclipseLogger - Using 'UTF-8' encoding to copy filtered resources.
2018-02-01 18:00:47,629 [Worker-39] INFO  o.e.m.c.i.embedder.EclipseLogger - Copying 1 resource
2018-02-01 18:00:47,631 [Worker-39] INFO  o.e.m.c.i.embedder.EclipseLogger - Copying 1 resource
2018-02-01 18:00:47,634 [Worker-39] INFO  o.e.m.c.i.embedder.EclipseLogger - Using 'UTF-8' encoding to copy filtered resources.
2018-02-01 18:00:47,634 [Worker-39] INFO  o.e.m.c.i.embedder.EclipseLogger - skip non existing resourceDirectory C:\nikosoft.com\mypiggy\PiggyMetrics-master\config\src\test\resources
2018-02-01 18:01:20,493 [Worker-29] INFO  o.e.m.c.i.embedder.EclipseLogger - Using 'UTF-8' encoding to copy filtered resources.
2018-02-01 18:01:20,494 [Worker-29] INFO  o.e.m.c.i.embedder.EclipseLogger - Copying 0 resource
2018-02-01 18:01:20,494 [Worker-29] INFO  o.e.m.c.i.embedder.EclipseLogger - Copying 1 resource
2018-02-01 18:01:20,498 [Worker-29] INFO  o.e.m.c.i.embedder.EclipseLogger - Using 'UTF-8' encoding to copy filtered resources.
2018-02-01 18:01:20,498 [Worker-29] INFO  o.e.m.c.i.embedder.EclipseLogger - Copying 0 resource
2018-02-01 18:02:02,616 [Worker-36] INFO  o.e.m.c.i.embedder.EclipseLogger - Using 'UTF-8' encoding to copy filtered resources.
2018-02-01 18:02:02,617 [Worker-36] INFO  o.e.m.c.i.embedder.EclipseLogger - Copying 0 resource
2018-02-01 18:02:02,618 [Worker-36] INFO  o.e.m.c.i.embedder.EclipseLogger - Copying 1 resource
2018-02-01 18:02:02,621 [Worker-36] INFO  o.e.m.c.i.embedder.EclipseLogger - Using 'UTF-8' encoding to copy filtered resources.
2018-02-01 18:02:02,622 [Worker-36] INFO  o.e.m.c.i.embedder.EclipseLogger - Copying 0 resource
2018-02-01 18:02:10,918 [Worker-42] INFO  o.e.m.c.i.embedder.EclipseLogger - Using 'UTF-8' encoding to copy filtered resources.
2018-02-01 18:02:10,919 [Worker-42] INFO  o.e.m.c.i.embedder.EclipseLogger - Copying 0 resource
2018-02-01 18:02:10,920 [Worker-42] INFO  o.e.m.c.i.embedder.EclipseLogger - Copying 1 resource
2018-02-01 18:02:10,921 [Worker-42] INFO  o.e.m.c.i.embedder.EclipseLogger - Using 'UTF-8' encoding to copy filtered resources.
2018-02-01 18:02:10,922 [Worker-42] INFO  o.e.m.c.i.embedder.EclipseLogger - Copying 0 resource
2018-02-01 18:06:47,417 [Worker-45] INFO  o.e.m.c.i.embedder.EclipseLogger - Using 'UTF-8' encoding to copy filtered resources.
2018-02-01 18:06:47,418 [Worker-45] INFO  o.e.m.c.i.embedder.EclipseLogger - Copying 0 resource
2018-02-01 18:06:47,418 [Worker-45] INFO  o.e.m.c.i.embedder.EclipseLogger - Copying 1 resource
2018-02-01 18:06:47,420 [Worker-45] INFO  o.e.m.c.i.embedder.EclipseLogger - Using 'UTF-8' encoding to copy filtered resources.
2018-02-01 18:06:47,421 [Worker-45] INFO  o.e.m.c.i.embedder.EclipseLogger - Copying 2 resources
2018-02-01 18:06:53,379 [Worker-46] INFO  o.e.m.c.i.embedder.EclipseLogger - Using 'UTF-8' encoding to copy filtered resources.
2018-02-01 18:06:53,380 [Worker-46] INFO  o.e.m.c.i.embedder.EclipseLogger - Copying 0 resource
2018-02-01 18:06:53,381 [Worker-46] INFO  o.e.m.c.i.embedder.EclipseLogger - Copying 1 resource
2018-02-01 18:06:53,382 [Worker-46] INFO  o.e.m.c.i.embedder.EclipseLogger - Using 'UTF-8' encoding to copy filtered resources.
2018-02-01 18:06:53,384 [Worker-46] INFO  o.e.m.c.i.embedder.EclipseLogger - Copying 2 resources
2018-02-01 18:07:21,084 [Worker-44] INFO  o.e.m.c.i.embedder.EclipseLogger - Using 'UTF-8' encoding to copy filtered resources.
2018-02-01 18:07:21,085 [Worker-44] INFO  o.e.m.c.i.embedder.EclipseLogger - Copying 0 resource
2018-02-01 18:07:21,086 [Worker-44] INFO  o.e.m.c.i.embedder.EclipseLogger - Copying 1 resource
2018-02-01 18:07:21,087 [Worker-44] INFO  o.e.m.c.i.embedder.EclipseLogger - Using 'UTF-8' encoding to copy filtered resources.
2018-02-01 18:07:21,088 [Worker-44] INFO  o.e.m.c.i.embedder.EclipseLogger - Copying 2 resources
2018-02-01 18:07:23,261 [Worker-42] INFO  o.e.m.c.i.embedder.EclipseLogger - Using 'UTF-8' encoding to copy filtered resources.
2018-02-01 18:07:23,262 [Worker-42] INFO  o.e.m.c.i.embedder.EclipseLogger - Copying 0 resource
2018-02-01 18:07:23,263 [Worker-42] INFO  o.e.m.c.i.embedder.EclipseLogger - Copying 1 resource
2018-02-01 18:07:23,264 [Worker-42] INFO  o.e.m.c.i.embedder.EclipseLogger - Using 'UTF-8' encoding to copy filtered resources.
2018-02-01 18:07:23,265 [Worker-42] INFO  o.e.m.c.i.embedder.EclipseLogger - Copying 2 resources
2018-02-01 18:07:24,330 [Worker-37] INFO  o.e.m.c.i.embedder.EclipseLogger - Using 'UTF-8' encoding to copy filtered resources.
2018-02-01 18:07:24,331 [Worker-37] INFO  o.e.m.c.i.embedder.EclipseLogger - Copying 0 resource
2018-02-01 18:07:24,331 [Worker-37] INFO  o.e.m.c.i.embedder.EclipseLogger - Copying 1 resource
2018-02-01 18:07:24,335 [Worker-37] INFO  o.e.m.c.i.embedder.EclipseLogger - Using 'UTF-8' encoding to copy filtered resources.
2018-02-01 18:07:24,336 [Worker-37] INFO  o.e.m.c.i.embedder.EclipseLogger - skip non existing resourceDirectory C:\nikosoft.com\mypiggy\PiggyMetrics-master\config\src\test\resources
2018-02-01 18:07:30,897 [Worker-44] INFO  o.e.m.c.i.embedder.EclipseLogger - Using 'UTF-8' encoding to copy filtered resources.
2018-02-01 18:07:30,898 [Worker-44] INFO  o.e.m.c.i.embedder.EclipseLogger - Copying 0 resource
2018-02-01 18:07:30,899 [Worker-44] INFO  o.e.m.c.i.embedder.EclipseLogger - Copying 1 resource
2018-02-01 18:07:30,904 [Worker-44] INFO  o.e.m.c.i.embedder.EclipseLogger - Using 'UTF-8' encoding to copy filtered resources.
2018-02-01 18:07:30,904 [Worker-44] INFO  o.e.m.c.i.embedder.EclipseLogger - skip non existing resourceDirectory C:\nikosoft.com\mypiggy\PiggyMetrics-master\config\src\test\resources
2018-02-01 18:07:31,978 [Worker-42] INFO  o.e.m.c.i.embedder.EclipseLogger - Using 'UTF-8' encoding to copy filtered resources.
2018-02-01 18:07:31,979 [Worker-42] INFO  o.e.m.c.i.embedder.EclipseLogger - Copying 0 resource
2018-02-01 18:07:31,980 [Worker-42] INFO  o.e.m.c.i.embedder.EclipseLogger - Copying 1 resource
2018-02-01 18:07:31,984 [Worker-42] INFO  o.e.m.c.i.embedder.EclipseLogger - Using 'UTF-8' encoding to copy filtered resources.
2018-02-01 18:07:31,984 [Worker-42] INFO  o.e.m.c.i.embedder.EclipseLogger - skip non existing resourceDirectory C:\nikosoft.com\mypiggy\PiggyMetrics-master\config\src\test\resources
2018-02-01 18:07:38,596 [Worker-46] INFO  o.e.m.c.i.embedder.EclipseLogger - Using 'UTF-8' encoding to copy filtered resources.
2018-02-01 18:07:38,596 [Worker-46] INFO  o.e.m.c.i.embedder.EclipseLogger - Copying 2 resources
2018-02-01 18:07:38,603 [Worker-46] INFO  o.e.m.c.i.embedder.EclipseLogger - Copying 6 resources
2018-02-01 18:07:38,616 [Worker-46] INFO  o.e.m.c.i.embedder.EclipseLogger - Using 'UTF-8' encoding to copy filtered resources.
2018-02-01 18:07:38,616 [Worker-46] INFO  o.e.m.c.i.embedder.EclipseLogger - skip non existing resourceDirectory C:\nikosoft.com\mypiggy\PiggyMetrics-master\config\src\test\resources
2018-02-01 18:07:38,672 [Worker-46] INFO  o.e.m.c.i.embedder.EclipseLogger - Using 'UTF-8' encoding to copy filtered resources.
2018-02-01 18:07:38,672 [Worker-46] INFO  o.e.m.c.i.embedder.EclipseLogger - Copying 0 resource
2018-02-01 18:07:38,673 [Worker-46] INFO  o.e.m.c.i.embedder.EclipseLogger - Copying 49 resources
2018-02-01 18:07:38,776 [Worker-46] INFO  o.e.m.c.i.embedder.EclipseLogger - Using 'UTF-8' encoding to copy filtered resources.
2018-02-01 18:07:38,776 [Worker-46] INFO  o.e.m.c.i.embedder.EclipseLogger - Copying 1 resource
2018-02-01 18:07:38,977 [Worker-46] INFO  o.e.m.c.i.embedder.EclipseLogger - Using 'UTF-8' encoding to copy filtered resources.
2018-02-01 18:07:38,978 [Worker-46] INFO  o.e.m.c.i.embedder.EclipseLogger - Copying 0 resource
2018-02-01 18:07:38,978 [Worker-46] INFO  o.e.m.c.i.embedder.EclipseLogger - Copying 1 resource
2018-02-01 18:07:38,982 [Worker-46] INFO  o.e.m.c.i.embedder.EclipseLogger - Using 'UTF-8' encoding to copy filtered resources.
2018-02-01 18:07:38,982 [Worker-46] INFO  o.e.m.c.i.embedder.EclipseLogger - Copying 2 resources
2018-02-01 18:07:39,047 [Worker-46] INFO  o.e.m.c.i.embedder.EclipseLogger - Using 'UTF-8' encoding to copy filtered resources.
2018-02-01 18:07:39,048 [Worker-46] INFO  o.e.m.c.i.embedder.EclipseLogger - Copying 0 resource
2018-02-01 18:07:39,048 [Worker-46] INFO  o.e.m.c.i.embedder.EclipseLogger - Copying 1 resource
2018-02-01 18:07:39,052 [Worker-46] INFO  o.e.m.c.i.embedder.EclipseLogger - Using 'UTF-8' encoding to copy filtered resources.
2018-02-01 18:07:39,052 [Worker-46] INFO  o.e.m.c.i.embedder.EclipseLogger - skip non existing resourceDirectory C:\nikosoft.com\mypiggy\PiggyMetrics-master\registry\src\test\resources
2018-02-01 18:11:57,771 [Worker-48] INFO  o.e.m.c.i.l.LifecycleMappingFactory - Using org.eclipse.m2e.jdt.JarLifecycleMapping lifecycle mapping for MavenProject: com.piggymetrics:account-service:1.0-SNAPSHOT @ C:\nikosoft.com\mypiggy\PiggyMetrics-master\account-service\pom.xml.
2018-02-01 18:11:59,581 [Worker-48] INFO  o.e.m.j.i.AbstractJavaProjectConfigurator - Adding source folder /account-service/src/main/java
2018-02-01 18:11:59,581 [Worker-48] INFO  o.e.m.j.i.AbstractJavaProjectConfigurator - Adding resource folder /account-service/src/main/resources
2018-02-01 18:11:59,582 [Worker-48] INFO  o.e.m.j.i.AbstractJavaProjectConfigurator - Adding resource folder /account-service/src/main/resources
2018-02-01 18:11:59,582 [Worker-48] INFO  o.e.m.j.i.AbstractJavaProjectConfigurator - Adding source folder /account-service/src/test/java
2018-02-01 18:11:59,582 [Worker-48] INFO  o.e.m.j.i.AbstractJavaProjectConfigurator - Adding resource folder /account-service/src/test/resources
2018-02-01 18:11:59,794 [Worker-48] INFO  o.e.m.c.i.p.ProjectConfigurationManager - Imported and configured 1 project(s) in 2 sec
2018-02-01 18:17:33,351 [Worker-48] INFO  o.e.m.c.i.embedder.EclipseLogger - Using 'UTF-8' encoding to copy filtered resources.
2018-02-01 18:17:33,351 [Worker-48] INFO  o.e.m.c.i.embedder.EclipseLogger - Copying 2 resources
2018-02-01 18:17:33,354 [Worker-48] INFO  o.e.m.c.i.embedder.EclipseLogger - Copying 6 resources
2018-02-01 18:17:33,368 [Worker-48] INFO  o.e.m.c.i.embedder.EclipseLogger - Using 'UTF-8' encoding to copy filtered resources.
2018-02-01 18:17:33,369 [Worker-48] INFO  o.e.m.c.i.embedder.EclipseLogger - skip non existing resourceDirectory C:\nikosoft.com\mypiggy\PiggyMetrics-master\config\src\test\resources
2018-02-01 18:17:33,443 [Worker-48] INFO  o.e.m.c.i.embedder.EclipseLogger - Using 'UTF-8' encoding to copy filtered resources.
2018-02-01 18:17:33,443 [Worker-48] INFO  o.e.m.c.i.embedder.EclipseLogger - Copying 0 resource
2018-02-01 18:17:33,444 [Worker-48] INFO  o.e.m.c.i.embedder.EclipseLogger - Copying 49 resources
2018-02-01 18:17:33,545 [Worker-48] INFO  o.e.m.c.i.embedder.EclipseLogger - Using 'UTF-8' encoding to copy filtered resources.
2018-02-01 18:17:33,545 [Worker-48] INFO  o.e.m.c.i.embedder.EclipseLogger - Copying 1 resource
2018-02-01 18:17:33,759 [Worker-48] INFO  o.e.m.c.i.embedder.EclipseLogger - Using 'UTF-8' encoding to copy filtered resources.
2018-02-01 18:17:33,760 [Worker-48] INFO  o.e.m.c.i.embedder.EclipseLogger - Copying 0 resource
2018-02-01 18:17:33,760 [Worker-48] INFO  o.e.m.c.i.embedder.EclipseLogger - Copying 1 resource
2018-02-01 18:17:33,764 [Worker-48] INFO  o.e.m.c.i.embedder.EclipseLogger - Using 'UTF-8' encoding to copy filtered resources.
2018-02-01 18:17:33,764 [Worker-48] INFO  o.e.m.c.i.embedder.EclipseLogger - Copying 2 resources
2018-02-01 18:17:33,851 [Worker-48] INFO  o.e.m.c.i.embedder.EclipseLogger - Using 'UTF-8' encoding to copy filtered resources.
2018-02-01 18:17:33,851 [Worker-48] INFO  o.e.m.c.i.embedder.EclipseLogger - Copying 0 resource
2018-02-01 18:17:33,852 [Worker-48] INFO  o.e.m.c.i.embedder.EclipseLogger - Copying 1 resource
2018-02-01 18:17:33,855 [Worker-48] INFO  o.e.m.c.i.embedder.EclipseLogger - Using 'UTF-8' encoding to copy filtered resources.
2018-02-01 18:17:33,855 [Worker-48] INFO  o.e.m.c.i.embedder.EclipseLogger - skip non existing resourceDirectory C:\nikosoft.com\mypiggy\PiggyMetrics-master\registry\src\test\resources
2018-02-01 18:38:22,375 [Worker-48] INFO  o.e.m.i.launch.MavenLaunchDelegate - C:\nikosoft.com\mypiggy\PiggyMetrics-master
2018-02-01 18:38:22,376 [Worker-48] INFO  o.e.m.i.launch.MavenLaunchDelegate -  mvn  -B clean
2018-02-01 18:38:30,272 [Worker-61] INFO  o.e.m.i.launch.MavenLaunchDelegate - C:\nikosoft.com\mypiggy\PiggyMetrics-master
2018-02-01 18:38:30,273 [Worker-61] INFO  o.e.m.i.launch.MavenLaunchDelegate -  mvn  -B install
2018-02-01 18:46:51,939 [Worker-65] INFO  o.e.m.i.launch.MavenLaunchDelegate - C:\nikosoft.com\mypiggy\PiggyMetrics-master
2018-02-01 18:46:51,939 [Worker-65] INFO  o.e.m.i.launch.MavenLaunchDelegate -  mvn  -B clean
2018-02-01 18:46:58,895 [Worker-63] INFO  o.e.m.i.launch.MavenLaunchDelegate - C:\nikosoft.com\mypiggy\PiggyMetrics-master
2018-02-01 18:46:58,895 [Worker-63] INFO  o.e.m.i.launch.MavenLaunchDelegate -  mvn  -B install
2018-02-01 19:35:52,118 [Worker-2] INFO  c.g.t.t.d.PublishedGradleVersions - Gradle version information cache is up-to-date. Trying to read.
2018-02-08 00:20:08,972 [Worker-1] INFO  c.g.t.t.d.PublishedGradleVersions - Gradle version information cache is up-to-date. Trying to read.
